#
# A fatal error has been detected by the Java Runtime Environment:
#
#  EXCEPTION_ACCESS_VIOLATION (0xc0000005) at pc=0x00007ff91652c530, pid=8016, tid=1068
#
# JRE version: Java(TM) SE Runtime Environment (16.0.1+9) (build 16.0.1+9-24)
# Java VM: Java HotSpot(TM) 64-Bit Server VM (16.0.1+9-24, mixed mode, sharing, tiered, compressed oops, compressed class ptrs, g1 gc, windows-amd64)
# Problematic frame:
# C  [lwjgl.dll+0x1c530]
#
# No core dump will be written. Minidumps are not enabled by default on client versions of Windows
#
# If you would like to submit a bug report, please visit:
#   https://bugreport.java.com/bugreport/crash.jsp
# The crash happened outside the Java Virtual Machine in native code.
# See problematic frame for where to report the bug.
#

---------------  S U M M A R Y ------------

Command Line: -Dfile.encoding=UTF-8 -Duser.country=US -Duser.language=en -Duser.variant com.devgenie.test.Launcher

Host: AMD Ryzen 7 5800X3D 8-Core Processor           , 16 cores, 31G,  Windows 10 , 64 bit Build 26100 (10.0.26100.3775)
Time: Tue Apr 15 23:52:20 2025 Arab Standard Time elapsed time: 0.630297 seconds (0d 0h 0m 0s)

---------------  T H R E A D  ---------------

Current thread (0x0000014f6666f320):  JavaThread "main" [_thread_in_native, id=1068, stack(0x0000004c78300000,0x0000004c78400000)]

Stack: [0x0000004c78300000,0x0000004c78400000],  sp=0x0000004c783fed48,  free space=1019k
Native frames: (J=compiled Java code, j=interpreted, Vv=VM code, C=native code)
C  [lwjgl.dll+0x1c530]

Java frames: (J=compiled Java code, j=interpreted, Vv=VM code)
j  org.lwjgl.system.dyncall.DynCallback.ndcbGetUserData(J)J+0
j  org.lwjgl.system.dyncall.DynCallback.dcbGetUserData(J)J+12
j  org.lwjgl.system.Callback.free(J)V+12
j  org.lwjgl.system.Callback.free()V+4
j  com.devgenie.core.EngineManager.cleanup()V+20
j  com.devgenie.core.EngineManager.run()V+152
j  com.devgenie.core.EngineManager.start()V+13
j  com.devgenie.test.Launcher.main([Ljava/lang/String;)V+38
v  ~StubRoutines::call_stub

siginfo: EXCEPTION_ACCESS_VIOLATION (0xc0000005), reading address 0x0000014f143b0020


Register to memory mapping:

RIP=0x00007ff91652c530 lwjgl.dll
RAX=0x00007ff9165299d0 lwjgl.dll
RBX={method} {0x0000014f148f8040} 'ndcbGetUserData' '(J)J' in 'org/lwjgl/system/dyncall/DynCallback'
RCX=0x0000014f143b0000 is an unknown value
RDX=0x0000004c783fedd8 is pointing into the stack for thread: 0x0000014f6666f320
RSP=0x0000004c783fed48 is pointing into the stack for thread: 0x0000014f6666f320
RBP=0x0000004c783fedc8 is pointing into the stack for thread: 0x0000014f6666f320
RSI=0x0000000000000148 is an unknown value
RDI=0x0000000000000447 is an unknown value
R8 =0x0000014f143b0000 is an unknown value
R9 =0x0000000620465408 is an oop: java.lang.Class 
{0x0000000620465408} - klass: 'java/lang/Class'
R10=0x0000014f6ddfdcf3 is at code_begin+979 in an Interpreter codelet
method entry point (kind = native)  [0x0000014f6ddfd920, 0x0000014f6ddfe300]  2528 bytes
R11=0x00000006207aa4a8 is an oop: java.lang.Class 
{0x00000006207aa4a8} - klass: 'java/lang/Class'
R12=0x0 is NULL
R13={method} {0x0000014f148f8040} 'ndcbGetUserData' '(J)J' in 'org/lwjgl/system/dyncall/DynCallback'
R14=0x0000004c783fedf0 is pointing into the stack for thread: 0x0000014f6666f320
R15=0x0000014f6666f320 is a thread


Registers:
RAX=0x00007ff9165299d0, RBX=0x0000014f148f8038, RCX=0x0000014f143b0000, RDX=0x0000004c783fedd8
RSP=0x0000004c783fed48, RBP=0x0000004c783fedc8, RSI=0x0000000000000148, RDI=0x0000000000000447
R8 =0x0000014f143b0000, R9 =0x0000000620465408, R10=0x0000014f6ddfdcf3, R11=0x00000006207aa4a8
R12=0x0000000000000000, R13=0x0000014f148f8038, R14=0x0000004c783fedf0, R15=0x0000014f6666f320
RIP=0x00007ff91652c530, EFLAGS=0x0000000000010202

Top of Stack: (sp=0x0000004c783fed48)
0x0000004c783fed48:   0000014f6ddfdd22 00007ff8da1a5ac0
0x0000004c783fed58:   0000014f6ddf9512 0000004c783fe930
0x0000004c783fed68:   0000000000000000 0000004c783fe930
0x0000004c783fed78:   0000014f6ddfe224 0000004c783fed80
0x0000004c783fed88:   0000000000000000 0000004c783fedf0
0x0000004c783fed98:   0000014f148bebd0 0000000000000000
0x0000004c783feda8:   00000006207aa4a8 0000014f148f8038
0x0000004c783fedb8:   0000000000000000 0000004c783fede8
0x0000004c783fedc8:   0000004c783fee40 0000014f6ddf95e1
0x0000004c783fedd8:   00000006207aa4a8 0000014f6ddfb2d7
0x0000004c783fede8:   0000014f143b0000 0000000000000000
0x0000004c783fedf8:   0000004c783fedf8 0000014f148f80dc
0x0000004c783fee08:   0000004c783fee58 0000014f148bebd0
0x0000004c783fee18:   0000000000000000 00000006207aa4a8
0x0000004c783fee28:   0000014f148f8108 0000004c783fede8
0x0000004c783fee38:   0000004c783fee50 0000004c783feea8 

Instructions: (pc=0x00007ff91652c530)
0x00007ff91652c430:   48 63 41 08 4c 8b c1 83 f8 04 7d 0f 48 8b d0 ff
0x00007ff91652c440:   c0 89 41 08 f2 0f 10 44 d1 30 c3 48 8b 09 48 8d
0x00007ff91652c450:   41 08 49 89 00 f2 0f 10 01 c3 cc cc cc cc cc cc
0x00007ff91652c460:   48 63 41 08 4c 8b c1 83 f8 04 7d 0f 48 8b d0 ff
0x00007ff91652c470:   c0 89 41 08 f3 0f 10 44 d1 30 c3 48 8b 09 48 8d
0x00007ff91652c480:   41 08 49 89 00 f3 0f 10 01 c3 cc cc cc cc cc cc
0x00007ff91652c490:   4c 8b c1 48 63 49 08 83 f9 04 7d 0f 8d 41 01 49
0x00007ff91652c4a0:   8d 14 c8 41 89 40 08 8b 42 10 c3 49 8b 08 48 8d
0x00007ff91652c4b0:   41 08 49 89 00 8b 01 c3 cc cc cc cc cc cc cc cc
0x00007ff91652c4c0:   48 63 51 08 4c 8b c1 83 fa 04 7d 0e 48 8b c2 ff
0x00007ff91652c4d0:   c2 89 51 08 48 8b 44 c1 10 c3 48 8b 01 48 8d 48
0x00007ff91652c4e0:   08 49 89 08 48 8b 00 c3 cc cc cc cc cc cc cc cc
0x00007ff91652c4f0:   4c 8b c1 48 63 49 08 83 f9 04 7d 10 8d 41 01 49
0x00007ff91652c500:   8d 14 c8 41 89 40 08 0f b7 42 10 c3 49 8b 08 48
0x00007ff91652c510:   8d 41 08 49 89 00 0f b7 01 c3 cc cc cc cc cc cc
0x00007ff91652c520:   ba 28 00 00 00 e9 e6 00 00 00 cc cc cc cc cc cc
0x00007ff91652c530:   48 8b 41 20 c3 cc cc cc cc cc cc cc cc cc cc cc
0x00007ff91652c540:   4c 89 41 18 4c 89 49 20 c3 cc cc cc cc cc cc cc
0x00007ff91652c550:   48 89 5c 24 08 57 48 83 ec 20 48 8b fa b9 28 00
0x00007ff91652c560:   00 00 48 8d 54 24 48 49 8b d8 e8 61 00 00 00 85
0x00007ff91652c570:   c0 75 40 48 8b 4c 24 48 48 8d 15 2c 01 00 00 e8
0x00007ff91652c580:   9c 00 00 00 48 8b 44 24 48 ba 28 00 00 00 48 89
0x00007ff91652c590:   78 18 48 89 58 20 48 8b 4c 24 48 e8 10 dc ff ff
0x00007ff91652c5a0:   85 c0 74 1c 48 8b 4c 24 48 ba 28 00 00 00 e8 5d
0x00007ff91652c5b0:   00 00 00 33 c0 48 8b 5c 24 30 48 83 c4 20 5f c3
0x00007ff91652c5c0:   48 8b 44 24 48 48 8b 5c 24 30 48 83 c4 20 5f c3
0x00007ff91652c5d0:   40 53 48 83 ec 20 48 8b da 41 b9 40 00 00 00 48
0x00007ff91652c5e0:   8b d1 41 b8 00 10 00 00 33 c9 ff 15 58 ea 01 00
0x00007ff91652c5f0:   48 85 c0 75 0b b8 ff ff ff ff 48 83 c4 20 5b c3
0x00007ff91652c600:   48 89 03 33 c0 48 83 c4 20 5b c3 cc cc cc cc cc
0x00007ff91652c610:   33 d2 41 b8 00 80 00 00 48 ff 25 31 ea 01 00 cc
0x00007ff91652c620:   48 b8 25 03 00 00 00 90 90 90 48 c7 01 48 8d 05 


Stack slot to memory mapping:
stack at sp + 0 slots: 0x0000014f6ddfdd22 is at code_begin+1026 in an Interpreter codelet
method entry point (kind = native)  [0x0000014f6ddfd920, 0x0000014f6ddfe300]  2528 bytes
stack at sp + 1 slots: 0x00007ff8da1a5ac0 opengl32.dll
stack at sp + 2 slots: 0x0000014f6ddf9512 is at code_begin+1138 in an Interpreter codelet
return entry points  [0x0000014f6ddf90a0, 0x0000014f6ddf9be0]  2880 bytes
stack at sp + 3 slots: 0x0000004c783fe930 is pointing into the stack for thread: 0x0000014f6666f320
stack at sp + 4 slots: 0x0 is NULL
stack at sp + 5 slots: 0x0000004c783fe930 is pointing into the stack for thread: 0x0000014f6666f320
stack at sp + 6 slots: 0x0000014f6ddfe224 is at code_begin+2308 in an Interpreter codelet
method entry point (kind = native)  [0x0000014f6ddfd920, 0x0000014f6ddfe300]  2528 bytes
stack at sp + 7 slots: 0x0000004c783fed80 is pointing into the stack for thread: 0x0000014f6666f320


---------------  P R O C E S S  ---------------

Threads class SMR info:
_java_thread_list=0x0000014f15ada250, length=16, elements={
0x0000014f6666f320, 0x0000014f1114a720, 0x0000014f1114bda0, 0x0000014f11159ab0,
0x0000014f1115c3d0, 0x0000014f1115f860, 0x0000014f11164cf0, 0x0000014f1116d9f0,
0x0000014f11176920, 0x0000014f11178e90, 0x0000014f140031b0, 0x0000014f14028620,
0x0000014f14038d40, 0x0000014f1405e070, 0x0000014f15ba7820, 0x0000014f15d60f50
}

Java Threads: ( => current thread )
=>0x0000014f6666f320 JavaThread "main" [_thread_in_native, id=1068, stack(0x0000004c78300000,0x0000004c78400000)]
  0x0000014f1114a720 JavaThread "Reference Handler" daemon [_thread_blocked, id=8044, stack(0x0000004c78a00000,0x0000004c78b00000)]
  0x0000014f1114bda0 JavaThread "Finalizer" daemon [_thread_blocked, id=23320, stack(0x0000004c78b00000,0x0000004c78c00000)]
  0x0000014f11159ab0 JavaThread "Signal Dispatcher" daemon [_thread_blocked, id=11044, stack(0x0000004c78c00000,0x0000004c78d00000)]
  0x0000014f1115c3d0 JavaThread "Attach Listener" daemon [_thread_blocked, id=15240, stack(0x0000004c78d00000,0x0000004c78e00000)]
  0x0000014f1115f860 JavaThread "Service Thread" daemon [_thread_blocked, id=6204, stack(0x0000004c78e00000,0x0000004c78f00000)]
  0x0000014f11164cf0 JavaThread "Monitor Deflation Thread" daemon [_thread_blocked, id=17976, stack(0x0000004c78f00000,0x0000004c79000000)]
  0x0000014f1116d9f0 JavaThread "C2 CompilerThread0" daemon [_thread_blocked, id=6108, stack(0x0000004c79000000,0x0000004c79100000)]
  0x0000014f11176920 JavaThread "C1 CompilerThread0" daemon [_thread_blocked, id=14924, stack(0x0000004c79100000,0x0000004c79200000)]
  0x0000014f11178e90 JavaThread "Sweeper thread" daemon [_thread_blocked, id=2264, stack(0x0000004c79200000,0x0000004c79300000)]
  0x0000014f140031b0 JavaThread "C1 CompilerThread1" daemon [_thread_blocked, id=1260, stack(0x0000004c79300000,0x0000004c79400000)]
  0x0000014f14028620 JavaThread "Notification Thread" daemon [_thread_blocked, id=19400, stack(0x0000004c79400000,0x0000004c79500000)]
  0x0000014f14038d40 JavaThread "Common-Cleaner" daemon [_thread_blocked, id=17832, stack(0x0000004c79600000,0x0000004c79700000)]
  0x0000014f1405e070 JavaThread "C1 CompilerThread2" daemon [_thread_blocked, id=19452, stack(0x0000004c79800000,0x0000004c79900000)]
  0x0000014f15ba7820 JavaThread "C2 CompilerThread1" daemon [_thread_in_native, id=7224, stack(0x0000004c79700000,0x0000004c79800000)]
  0x0000014f15d60f50 JavaThread "C2 CompilerThread2" daemon [_thread_blocked, id=7428, stack(0x0000004c7a000000,0x0000004c7a100000)]

Other Threads:
  0x0000014f111451b0 VMThread "VM Thread" [stack: 0x0000004c78900000,0x0000004c78a00000] [id=11944]
  0x0000014f1402cf70 WatcherThread [stack: 0x0000004c79500000,0x0000004c79600000] [id=7720]
  0x0000014f666e62a0 GCTaskThread "GC Thread#0" [stack: 0x0000004c78400000,0x0000004c78500000] [id=14448]
  0x0000014f10fc27b0 ConcurrentGCThread "G1 Main Marker" [stack: 0x0000004c78500000,0x0000004c78600000] [id=22084]
  0x0000014f10fc3030 ConcurrentGCThread "G1 Conc#0" [stack: 0x0000004c78600000,0x0000004c78700000] [id=22616]
  0x0000014f11075080 ConcurrentGCThread "G1 Refine#0" [stack: 0x0000004c78700000,0x0000004c78800000] [id=3364]
  0x0000014f110778d0 ConcurrentGCThread "G1 Service" [stack: 0x0000004c78800000,0x0000004c78900000] [id=10704]

Threads with active compile tasks:
C2 CompilerThread1      659  838   !   4       jdk.internal.loader.URLClassPath$JarLoader::getResource (354 bytes)

VM state: not at safepoint (normal execution)

VM Mutex/Monitor currently owned by a thread: None

Heap address: 0x0000000601000000, size: 8176 MB, Compressed Oops mode: Zero based, Oop shift amount: 3

CDS archive(s) mapped at: [0x0000000800000000-0x0000000800bb0000-0x0000000800bb0000), size 12255232, SharedBaseAddress: 0x0000000800000000, ArchiveRelocationMode: 0.
Compressed class space mapped at: 0x0000000800c00000-0x0000000840c00000, reserved size: 1073741824
Narrow klass base: 0x0000000800000000, Narrow klass shift: 3, Narrow klass range: 0x100000000

GC Precious Log:
 CPUs: 16 total, 16 available
 Memory: 32689M
 Large Page Support: Disabled
 NUMA Support: Disabled
 Compressed Oops: Enabled (Zero based)
 Heap Region Size: 4M
 Heap Min Capacity: 8M
 Heap Initial Capacity: 512M
 Heap Max Capacity: 8176M
 Pre-touch: Disabled
 Parallel Workers: 13
 Concurrent Workers: 3
 Concurrent Refinement Workers: 13
 Periodic GC: Disabled

Heap:
 garbage-first heap   total 524288K, used 20480K [0x0000000601000000, 0x0000000800000000)
  region size 4096K, 6 young (24576K), 0 survivors (0K)
 Metaspace       used 5492K, committed 5632K, reserved 1056768K
  class space    used 263K, committed 320K, reserved 1048576K

Heap Regions: E=young(eden), S=young(survivor), O=old, HS=humongous(starts), HC=humongous(continues), CS=collection set, F=free, OA=open archive, CA=closed archive, TAMS=top-at-mark-start (previous, next)
|   0|0x0000000601000000, 0x0000000601000000, 0x0000000601400000|  0%| F|  |TAMS 0x0000000601000000, 0x0000000601000000| Untracked 
|   1|0x0000000601400000, 0x0000000601400000, 0x0000000601800000|  0%| F|  |TAMS 0x0000000601400000, 0x0000000601400000| Untracked 
|   2|0x0000000601800000, 0x0000000601800000, 0x0000000601c00000|  0%| F|  |TAMS 0x0000000601800000, 0x0000000601800000| Untracked 
|   3|0x0000000601c00000, 0x0000000601c00000, 0x0000000602000000|  0%| F|  |TAMS 0x0000000601c00000, 0x0000000601c00000| Untracked 
|   4|0x0000000602000000, 0x0000000602000000, 0x0000000602400000|  0%| F|  |TAMS 0x0000000602000000, 0x0000000602000000| Untracked 
|   5|0x0000000602400000, 0x0000000602400000, 0x0000000602800000|  0%| F|  |TAMS 0x0000000602400000, 0x0000000602400000| Untracked 
|   6|0x0000000602800000, 0x0000000602800000, 0x0000000602c00000|  0%| F|  |TAMS 0x0000000602800000, 0x0000000602800000| Untracked 
|   7|0x0000000602c00000, 0x0000000602c00000, 0x0000000603000000|  0%| F|  |TAMS 0x0000000602c00000, 0x0000000602c00000| Untracked 
|   8|0x0000000603000000, 0x0000000603000000, 0x0000000603400000|  0%| F|  |TAMS 0x0000000603000000, 0x0000000603000000| Untracked 
|   9|0x0000000603400000, 0x0000000603400000, 0x0000000603800000|  0%| F|  |TAMS 0x0000000603400000, 0x0000000603400000| Untracked 
|  10|0x0000000603800000, 0x0000000603800000, 0x0000000603c00000|  0%| F|  |TAMS 0x0000000603800000, 0x0000000603800000| Untracked 
|  11|0x0000000603c00000, 0x0000000603c00000, 0x0000000604000000|  0%| F|  |TAMS 0x0000000603c00000, 0x0000000603c00000| Untracked 
|  12|0x0000000604000000, 0x0000000604000000, 0x0000000604400000|  0%| F|  |TAMS 0x0000000604000000, 0x0000000604000000| Untracked 
|  13|0x0000000604400000, 0x0000000604400000, 0x0000000604800000|  0%| F|  |TAMS 0x0000000604400000, 0x0000000604400000| Untracked 
|  14|0x0000000604800000, 0x0000000604800000, 0x0000000604c00000|  0%| F|  |TAMS 0x0000000604800000, 0x0000000604800000| Untracked 
|  15|0x0000000604c00000, 0x0000000604c00000, 0x0000000605000000|  0%| F|  |TAMS 0x0000000604c00000, 0x0000000604c00000| Untracked 
|  16|0x0000000605000000, 0x0000000605000000, 0x0000000605400000|  0%| F|  |TAMS 0x0000000605000000, 0x0000000605000000| Untracked 
|  17|0x0000000605400000, 0x0000000605400000, 0x0000000605800000|  0%| F|  |TAMS 0x0000000605400000, 0x0000000605400000| Untracked 
|  18|0x0000000605800000, 0x0000000605800000, 0x0000000605c00000|  0%| F|  |TAMS 0x0000000605800000, 0x0000000605800000| Untracked 
|  19|0x0000000605c00000, 0x0000000605c00000, 0x0000000606000000|  0%| F|  |TAMS 0x0000000605c00000, 0x0000000605c00000| Untracked 
|  20|0x0000000606000000, 0x0000000606000000, 0x0000000606400000|  0%| F|  |TAMS 0x0000000606000000, 0x0000000606000000| Untracked 
|  21|0x0000000606400000, 0x0000000606400000, 0x0000000606800000|  0%| F|  |TAMS 0x0000000606400000, 0x0000000606400000| Untracked 
|  22|0x0000000606800000, 0x0000000606800000, 0x0000000606c00000|  0%| F|  |TAMS 0x0000000606800000, 0x0000000606800000| Untracked 
|  23|0x0000000606c00000, 0x0000000606c00000, 0x0000000607000000|  0%| F|  |TAMS 0x0000000606c00000, 0x0000000606c00000| Untracked 
|  24|0x0000000607000000, 0x0000000607000000, 0x0000000607400000|  0%| F|  |TAMS 0x0000000607000000, 0x0000000607000000| Untracked 
|  25|0x0000000607400000, 0x0000000607400000, 0x0000000607800000|  0%| F|  |TAMS 0x0000000607400000, 0x0000000607400000| Untracked 
|  26|0x0000000607800000, 0x0000000607800000, 0x0000000607c00000|  0%| F|  |TAMS 0x0000000607800000, 0x0000000607800000| Untracked 
|  27|0x0000000607c00000, 0x0000000607c00000, 0x0000000608000000|  0%| F|  |TAMS 0x0000000607c00000, 0x0000000607c00000| Untracked 
|  28|0x0000000608000000, 0x0000000608000000, 0x0000000608400000|  0%| F|  |TAMS 0x0000000608000000, 0x0000000608000000| Untracked 
|  29|0x0000000608400000, 0x0000000608400000, 0x0000000608800000|  0%| F|  |TAMS 0x0000000608400000, 0x0000000608400000| Untracked 
|  30|0x0000000608800000, 0x0000000608800000, 0x0000000608c00000|  0%| F|  |TAMS 0x0000000608800000, 0x0000000608800000| Untracked 
|  31|0x0000000608c00000, 0x0000000608c00000, 0x0000000609000000|  0%| F|  |TAMS 0x0000000608c00000, 0x0000000608c00000| Untracked 
|  32|0x0000000609000000, 0x0000000609000000, 0x0000000609400000|  0%| F|  |TAMS 0x0000000609000000, 0x0000000609000000| Untracked 
|  33|0x0000000609400000, 0x0000000609400000, 0x0000000609800000|  0%| F|  |TAMS 0x0000000609400000, 0x0000000609400000| Untracked 
|  34|0x0000000609800000, 0x0000000609800000, 0x0000000609c00000|  0%| F|  |TAMS 0x0000000609800000, 0x0000000609800000| Untracked 
|  35|0x0000000609c00000, 0x0000000609c00000, 0x000000060a000000|  0%| F|  |TAMS 0x0000000609c00000, 0x0000000609c00000| Untracked 
|  36|0x000000060a000000, 0x000000060a000000, 0x000000060a400000|  0%| F|  |TAMS 0x000000060a000000, 0x000000060a000000| Untracked 
|  37|0x000000060a400000, 0x000000060a400000, 0x000000060a800000|  0%| F|  |TAMS 0x000000060a400000, 0x000000060a400000| Untracked 
|  38|0x000000060a800000, 0x000000060a800000, 0x000000060ac00000|  0%| F|  |TAMS 0x000000060a800000, 0x000000060a800000| Untracked 
|  39|0x000000060ac00000, 0x000000060ac00000, 0x000000060b000000|  0%| F|  |TAMS 0x000000060ac00000, 0x000000060ac00000| Untracked 
|  40|0x000000060b000000, 0x000000060b000000, 0x000000060b400000|  0%| F|  |TAMS 0x000000060b000000, 0x000000060b000000| Untracked 
|  41|0x000000060b400000, 0x000000060b400000, 0x000000060b800000|  0%| F|  |TAMS 0x000000060b400000, 0x000000060b400000| Untracked 
|  42|0x000000060b800000, 0x000000060b800000, 0x000000060bc00000|  0%| F|  |TAMS 0x000000060b800000, 0x000000060b800000| Untracked 
|  43|0x000000060bc00000, 0x000000060bc00000, 0x000000060c000000|  0%| F|  |TAMS 0x000000060bc00000, 0x000000060bc00000| Untracked 
|  44|0x000000060c000000, 0x000000060c000000, 0x000000060c400000|  0%| F|  |TAMS 0x000000060c000000, 0x000000060c000000| Untracked 
|  45|0x000000060c400000, 0x000000060c400000, 0x000000060c800000|  0%| F|  |TAMS 0x000000060c400000, 0x000000060c400000| Untracked 
|  46|0x000000060c800000, 0x000000060c800000, 0x000000060cc00000|  0%| F|  |TAMS 0x000000060c800000, 0x000000060c800000| Untracked 
|  47|0x000000060cc00000, 0x000000060cc00000, 0x000000060d000000|  0%| F|  |TAMS 0x000000060cc00000, 0x000000060cc00000| Untracked 
|  48|0x000000060d000000, 0x000000060d000000, 0x000000060d400000|  0%| F|  |TAMS 0x000000060d000000, 0x000000060d000000| Untracked 
|  49|0x000000060d400000, 0x000000060d400000, 0x000000060d800000|  0%| F|  |TAMS 0x000000060d400000, 0x000000060d400000| Untracked 
|  50|0x000000060d800000, 0x000000060d800000, 0x000000060dc00000|  0%| F|  |TAMS 0x000000060d800000, 0x000000060d800000| Untracked 
|  51|0x000000060dc00000, 0x000000060dc00000, 0x000000060e000000|  0%| F|  |TAMS 0x000000060dc00000, 0x000000060dc00000| Untracked 
|  52|0x000000060e000000, 0x000000060e000000, 0x000000060e400000|  0%| F|  |TAMS 0x000000060e000000, 0x000000060e000000| Untracked 
|  53|0x000000060e400000, 0x000000060e400000, 0x000000060e800000|  0%| F|  |TAMS 0x000000060e400000, 0x000000060e400000| Untracked 
|  54|0x000000060e800000, 0x000000060e800000, 0x000000060ec00000|  0%| F|  |TAMS 0x000000060e800000, 0x000000060e800000| Untracked 
|  55|0x000000060ec00000, 0x000000060ec00000, 0x000000060f000000|  0%| F|  |TAMS 0x000000060ec00000, 0x000000060ec00000| Untracked 
|  56|0x000000060f000000, 0x000000060f000000, 0x000000060f400000|  0%| F|  |TAMS 0x000000060f000000, 0x000000060f000000| Untracked 
|  57|0x000000060f400000, 0x000000060f400000, 0x000000060f800000|  0%| F|  |TAMS 0x000000060f400000, 0x000000060f400000| Untracked 
|  58|0x000000060f800000, 0x000000060f800000, 0x000000060fc00000|  0%| F|  |TAMS 0x000000060f800000, 0x000000060f800000| Untracked 
|  59|0x000000060fc00000, 0x000000060fc00000, 0x0000000610000000|  0%| F|  |TAMS 0x000000060fc00000, 0x000000060fc00000| Untracked 
|  60|0x0000000610000000, 0x0000000610000000, 0x0000000610400000|  0%| F|  |TAMS 0x0000000610000000, 0x0000000610000000| Untracked 
|  61|0x0000000610400000, 0x0000000610400000, 0x0000000610800000|  0%| F|  |TAMS 0x0000000610400000, 0x0000000610400000| Untracked 
|  62|0x0000000610800000, 0x0000000610800000, 0x0000000610c00000|  0%| F|  |TAMS 0x0000000610800000, 0x0000000610800000| Untracked 
|  63|0x0000000610c00000, 0x0000000610c00000, 0x0000000611000000|  0%| F|  |TAMS 0x0000000610c00000, 0x0000000610c00000| Untracked 
|  64|0x0000000611000000, 0x0000000611000000, 0x0000000611400000|  0%| F|  |TAMS 0x0000000611000000, 0x0000000611000000| Untracked 
|  65|0x0000000611400000, 0x0000000611400000, 0x0000000611800000|  0%| F|  |TAMS 0x0000000611400000, 0x0000000611400000| Untracked 
|  66|0x0000000611800000, 0x0000000611800000, 0x0000000611c00000|  0%| F|  |TAMS 0x0000000611800000, 0x0000000611800000| Untracked 
|  67|0x0000000611c00000, 0x0000000611c00000, 0x0000000612000000|  0%| F|  |TAMS 0x0000000611c00000, 0x0000000611c00000| Untracked 
|  68|0x0000000612000000, 0x0000000612000000, 0x0000000612400000|  0%| F|  |TAMS 0x0000000612000000, 0x0000000612000000| Untracked 
|  69|0x0000000612400000, 0x0000000612400000, 0x0000000612800000|  0%| F|  |TAMS 0x0000000612400000, 0x0000000612400000| Untracked 
|  70|0x0000000612800000, 0x0000000612800000, 0x0000000612c00000|  0%| F|  |TAMS 0x0000000612800000, 0x0000000612800000| Untracked 
|  71|0x0000000612c00000, 0x0000000612c00000, 0x0000000613000000|  0%| F|  |TAMS 0x0000000612c00000, 0x0000000612c00000| Untracked 
|  72|0x0000000613000000, 0x0000000613000000, 0x0000000613400000|  0%| F|  |TAMS 0x0000000613000000, 0x0000000613000000| Untracked 
|  73|0x0000000613400000, 0x0000000613400000, 0x0000000613800000|  0%| F|  |TAMS 0x0000000613400000, 0x0000000613400000| Untracked 
|  74|0x0000000613800000, 0x0000000613800000, 0x0000000613c00000|  0%| F|  |TAMS 0x0000000613800000, 0x0000000613800000| Untracked 
|  75|0x0000000613c00000, 0x0000000613c00000, 0x0000000614000000|  0%| F|  |TAMS 0x0000000613c00000, 0x0000000613c00000| Untracked 
|  76|0x0000000614000000, 0x0000000614000000, 0x0000000614400000|  0%| F|  |TAMS 0x0000000614000000, 0x0000000614000000| Untracked 
|  77|0x0000000614400000, 0x0000000614400000, 0x0000000614800000|  0%| F|  |TAMS 0x0000000614400000, 0x0000000614400000| Untracked 
|  78|0x0000000614800000, 0x0000000614800000, 0x0000000614c00000|  0%| F|  |TAMS 0x0000000614800000, 0x0000000614800000| Untracked 
|  79|0x0000000614c00000, 0x0000000614c00000, 0x0000000615000000|  0%| F|  |TAMS 0x0000000614c00000, 0x0000000614c00000| Untracked 
|  80|0x0000000615000000, 0x0000000615000000, 0x0000000615400000|  0%| F|  |TAMS 0x0000000615000000, 0x0000000615000000| Untracked 
|  81|0x0000000615400000, 0x0000000615400000, 0x0000000615800000|  0%| F|  |TAMS 0x0000000615400000, 0x0000000615400000| Untracked 
|  82|0x0000000615800000, 0x0000000615800000, 0x0000000615c00000|  0%| F|  |TAMS 0x0000000615800000, 0x0000000615800000| Untracked 
|  83|0x0000000615c00000, 0x0000000615c00000, 0x0000000616000000|  0%| F|  |TAMS 0x0000000615c00000, 0x0000000615c00000| Untracked 
|  84|0x0000000616000000, 0x0000000616000000, 0x0000000616400000|  0%| F|  |TAMS 0x0000000616000000, 0x0000000616000000| Untracked 
|  85|0x0000000616400000, 0x0000000616400000, 0x0000000616800000|  0%| F|  |TAMS 0x0000000616400000, 0x0000000616400000| Untracked 
|  86|0x0000000616800000, 0x0000000616800000, 0x0000000616c00000|  0%| F|  |TAMS 0x0000000616800000, 0x0000000616800000| Untracked 
|  87|0x0000000616c00000, 0x0000000616c00000, 0x0000000617000000|  0%| F|  |TAMS 0x0000000616c00000, 0x0000000616c00000| Untracked 
|  88|0x0000000617000000, 0x0000000617000000, 0x0000000617400000|  0%| F|  |TAMS 0x0000000617000000, 0x0000000617000000| Untracked 
|  89|0x0000000617400000, 0x0000000617400000, 0x0000000617800000|  0%| F|  |TAMS 0x0000000617400000, 0x0000000617400000| Untracked 
|  90|0x0000000617800000, 0x0000000617800000, 0x0000000617c00000|  0%| F|  |TAMS 0x0000000617800000, 0x0000000617800000| Untracked 
|  91|0x0000000617c00000, 0x0000000617c00000, 0x0000000618000000|  0%| F|  |TAMS 0x0000000617c00000, 0x0000000617c00000| Untracked 
|  92|0x0000000618000000, 0x0000000618000000, 0x0000000618400000|  0%| F|  |TAMS 0x0000000618000000, 0x0000000618000000| Untracked 
|  93|0x0000000618400000, 0x0000000618400000, 0x0000000618800000|  0%| F|  |TAMS 0x0000000618400000, 0x0000000618400000| Untracked 
|  94|0x0000000618800000, 0x0000000618800000, 0x0000000618c00000|  0%| F|  |TAMS 0x0000000618800000, 0x0000000618800000| Untracked 
|  95|0x0000000618c00000, 0x0000000618c00000, 0x0000000619000000|  0%| F|  |TAMS 0x0000000618c00000, 0x0000000618c00000| Untracked 
|  96|0x0000000619000000, 0x0000000619000000, 0x0000000619400000|  0%| F|  |TAMS 0x0000000619000000, 0x0000000619000000| Untracked 
|  97|0x0000000619400000, 0x0000000619400000, 0x0000000619800000|  0%| F|  |TAMS 0x0000000619400000, 0x0000000619400000| Untracked 
|  98|0x0000000619800000, 0x0000000619800000, 0x0000000619c00000|  0%| F|  |TAMS 0x0000000619800000, 0x0000000619800000| Untracked 
|  99|0x0000000619c00000, 0x0000000619c00000, 0x000000061a000000|  0%| F|  |TAMS 0x0000000619c00000, 0x0000000619c00000| Untracked 
| 100|0x000000061a000000, 0x000000061a000000, 0x000000061a400000|  0%| F|  |TAMS 0x000000061a000000, 0x000000061a000000| Untracked 
| 101|0x000000061a400000, 0x000000061a400000, 0x000000061a800000|  0%| F|  |TAMS 0x000000061a400000, 0x000000061a400000| Untracked 
| 102|0x000000061a800000, 0x000000061a800000, 0x000000061ac00000|  0%| F|  |TAMS 0x000000061a800000, 0x000000061a800000| Untracked 
| 103|0x000000061ac00000, 0x000000061ac00000, 0x000000061b000000|  0%| F|  |TAMS 0x000000061ac00000, 0x000000061ac00000| Untracked 
| 104|0x000000061b000000, 0x000000061b000000, 0x000000061b400000|  0%| F|  |TAMS 0x000000061b000000, 0x000000061b000000| Untracked 
| 105|0x000000061b400000, 0x000000061b400000, 0x000000061b800000|  0%| F|  |TAMS 0x000000061b400000, 0x000000061b400000| Untracked 
| 106|0x000000061b800000, 0x000000061b800000, 0x000000061bc00000|  0%| F|  |TAMS 0x000000061b800000, 0x000000061b800000| Untracked 
| 107|0x000000061bc00000, 0x000000061bc00000, 0x000000061c000000|  0%| F|  |TAMS 0x000000061bc00000, 0x000000061bc00000| Untracked 
| 108|0x000000061c000000, 0x000000061c000000, 0x000000061c400000|  0%| F|  |TAMS 0x000000061c000000, 0x000000061c000000| Untracked 
| 109|0x000000061c400000, 0x000000061c400000, 0x000000061c800000|  0%| F|  |TAMS 0x000000061c400000, 0x000000061c400000| Untracked 
| 110|0x000000061c800000, 0x000000061c800000, 0x000000061cc00000|  0%| F|  |TAMS 0x000000061c800000, 0x000000061c800000| Untracked 
| 111|0x000000061cc00000, 0x000000061cc00000, 0x000000061d000000|  0%| F|  |TAMS 0x000000061cc00000, 0x000000061cc00000| Untracked 
| 112|0x000000061d000000, 0x000000061d000000, 0x000000061d400000|  0%| F|  |TAMS 0x000000061d000000, 0x000000061d000000| Untracked 
| 113|0x000000061d400000, 0x000000061d400000, 0x000000061d800000|  0%| F|  |TAMS 0x000000061d400000, 0x000000061d400000| Untracked 
| 114|0x000000061d800000, 0x000000061d800000, 0x000000061dc00000|  0%| F|  |TAMS 0x000000061d800000, 0x000000061d800000| Untracked 
| 115|0x000000061dc00000, 0x000000061dc00000, 0x000000061e000000|  0%| F|  |TAMS 0x000000061dc00000, 0x000000061dc00000| Untracked 
| 116|0x000000061e000000, 0x000000061e000000, 0x000000061e400000|  0%| F|  |TAMS 0x000000061e000000, 0x000000061e000000| Untracked 
| 117|0x000000061e400000, 0x000000061e400000, 0x000000061e800000|  0%| F|  |TAMS 0x000000061e400000, 0x000000061e400000| Untracked 
| 118|0x000000061e800000, 0x000000061e800000, 0x000000061ec00000|  0%| F|  |TAMS 0x000000061e800000, 0x000000061e800000| Untracked 
| 119|0x000000061ec00000, 0x000000061ec00000, 0x000000061f000000|  0%| F|  |TAMS 0x000000061ec00000, 0x000000061ec00000| Untracked 
| 120|0x000000061f000000, 0x000000061f000000, 0x000000061f400000|  0%| F|  |TAMS 0x000000061f000000, 0x000000061f000000| Untracked 
| 121|0x000000061f400000, 0x000000061f400000, 0x000000061f800000|  0%| F|  |TAMS 0x000000061f400000, 0x000000061f400000| Untracked 
| 122|0x000000061f800000, 0x000000061fae5f40, 0x000000061fc00000| 72%| E|  |TAMS 0x000000061f800000, 0x000000061f800000| Complete 
| 123|0x000000061fc00000, 0x0000000620000000, 0x0000000620000000|100%| E|CS|TAMS 0x000000061fc00000, 0x000000061fc00000| Complete 
| 124|0x0000000620000000, 0x0000000620400000, 0x0000000620400000|100%| E|CS|TAMS 0x0000000620000000, 0x0000000620000000| Complete 
| 125|0x0000000620400000, 0x0000000620800000, 0x0000000620800000|100%| E|CS|TAMS 0x0000000620400000, 0x0000000620400000| Complete 
| 126|0x0000000620800000, 0x0000000620c00000, 0x0000000620c00000|100%| E|CS|TAMS 0x0000000620800000, 0x0000000620800000| Complete 
| 127|0x0000000620c00000, 0x0000000621000000, 0x0000000621000000|100%| E|CS|TAMS 0x0000000620c00000, 0x0000000620c00000| Complete 

Card table byte_map: [0x0000014f7edc0000,0x0000014f7fdc0000] _byte_map_base: 0x0000014f7bdb8000

Marking Bits (Prev, Next): (CMBitMap*) 0x0000014f666e6820, (CMBitMap*) 0x0000014f666e6860
 Prev Bits: [0x0000014f01000000, 0x0000014f08fc0000)
 Next Bits: [0x0000014f08fc0000, 0x0000014f10f80000)

Polling page: 0x0000014f64df0000

Metaspace:

Usage:
  Non-class:      5.11 MB used.
      Class:    263.04 KB used.
       Both:      5.36 MB used.

Virtual space:
  Non-class space:        8.00 MB reserved,       5.19 MB ( 65%) committed,  1 nodes.
      Class space:        1.00 GB reserved,     320.00 KB ( <1%) committed,  1 nodes.
              Both:        1.01 GB reserved,       5.50 MB ( <1%) committed. 

Chunk freelists:
   Non-Class:  368.00 KB
       Class:  3.56 MB
        Both:  3.92 MB

MaxMetaspaceSize: 17179869184.00 GB
CompressedClassSpaceSize: 1.00 GB
 - commit_granule_bytes: 65536.
 - commit_granule_words: 8192.
 - virtual_space_node_default_size: 1048576.
 - enlarge_chunks_in_place: 1.
 - new_chunks_are_fully_committed: 0.
 - uncommit_free_chunks: 1.
 - use_allocation_guard: 0.
 - handle_deallocations: 1.


Internal statistics:

num_allocs_failed_limit: 0.
num_arena_births: 44.
num_arena_deaths: 0.
num_vsnodes_births: 2.
num_vsnodes_deaths: 0.
num_space_committed: 86.
num_space_uncommitted: 0.
num_chunks_returned_to_freelist: 0.
num_chunks_taken_from_freelist: 182.
num_chunk_merges: 0.
num_chunk_splits: 141.
num_chunks_enlarged: 120.
num_purges: 0.

CodeHeap 'non-profiled nmethods': size=119168Kb used=369Kb max_used=369Kb free=118798Kb
 bounds [0x0000014f75990000, 0x0000014f75c00000, 0x0000014f7cdf0000]
CodeHeap 'profiled nmethods': size=119104Kb used=1809Kb max_used=1809Kb free=117295Kb
 bounds [0x0000014f6e540000, 0x0000014f6e7b0000, 0x0000014f75990000]
CodeHeap 'non-nmethods': size=7488Kb used=2735Kb max_used=2755Kb free=4752Kb
 bounds [0x0000014f6ddf0000, 0x0000014f6e0b0000, 0x0000014f6e540000]
 total_blobs=2003 nmethods=965 adapters=949
 compilation: enabled
              stopped_count=0, restarted_count=0
 full_count=0

Compilation events (20 events):
Event: 0.619 Thread 0x0000014f140031b0 nmethod 957 0x0000014f6e6fa390 code [0x0000014f6e6fa600, 0x0000014f6e6fae88]
Event: 0.619 Thread 0x0000014f140031b0  959   !   3       java.io.PrintStream::writeln (81 bytes)
Event: 0.619 Thread 0x0000014f11176920 nmethod 955 0x0000014f6e6fb210 code [0x0000014f6e6fb4c0, 0x0000014f6e6fc0f8]
Event: 0.620 Thread 0x0000014f11176920  960       3       java.io.BufferedWriter::newLine (8 bytes)
Event: 0.620 Thread 0x0000014f11176920 nmethod 960 0x0000014f6e6fd210 code [0x0000014f6e6fd3e0, 0x0000014f6e6fd788]
Event: 0.620 Thread 0x0000014f1405e070 nmethod 958 0x0000014f6e6fc790 code [0x0000014f6e6fc9a0, 0x0000014f6e6fcf88]
Event: 0.620 Thread 0x0000014f11176920  961       3       java.lang.System::lineSeparator (4 bytes)
Event: 0.620 Thread 0x0000014f1116d9f0 nmethod 897% 0x0000014f759e4b10 code [0x0000014f759e4ca0, 0x0000014f759e5118]
Event: 0.620 Thread 0x0000014f11176920 nmethod 961 0x0000014f6e6fef90 code [0x0000014f6e6ff120, 0x0000014f6e6ff218]
Event: 0.620 Thread 0x0000014f140031b0 nmethod 959 0x0000014f6e6fd910 code [0x0000014f6e6fdbc0, 0x0000014f6e6fe888]
Event: 0.620 Thread 0x0000014f1116d9f0  949       4       java.lang.StringBuilder::<init> (7 bytes)
Event: 0.621 Thread 0x0000014f140031b0  962       3       java.lang.Module::getLayer (43 bytes)
Event: 0.621 Thread 0x0000014f140031b0 nmethod 962 0x0000014f6e6ff290 code [0x0000014f6e6ff460, 0x0000014f6e6ff848]
Event: 0.621 Thread 0x0000014f1405e070  965       3       java.lang.StackTraceElement::dropClassLoaderName (16 bytes)
Event: 0.621 Thread 0x0000014f140031b0  966       3       java.lang.StackTraceElement::isNativeMethod (15 bytes)
Event: 0.621 Thread 0x0000014f11176920  964       3       java.lang.StackTraceElement::toString (322 bytes)
Event: 0.621 Thread 0x0000014f1405e070 nmethod 965 0x0000014f6e6ff990 code [0x0000014f6e6ffb20, 0x0000014f6e6ffc98]
Event: 0.621 Thread 0x0000014f140031b0 nmethod 966 0x0000014f6e6ffd10 code [0x0000014f6e6ffea0, 0x0000014f6e700018]
Event: 0.621 Thread 0x0000014f1116d9f0 nmethod 949 0x0000014f759e5290 code [0x0000014f759e5420, 0x0000014f759e55d8]
Event: 0.622 Thread 0x0000014f1116d9f0  963       4       java.nio.Buffer::position (52 bytes)

GC Heap History (0 events):
No events

Deoptimization events (20 events):
Event: 0.206 Thread 0x0000014f6666f320 Uncommon trap: trap_request=0xffffffde fr.pc=0x0000014f759b3958 relative=0x0000000000000398
Event: 0.206 Thread 0x0000014f6666f320 Uncommon trap: reason=class_check action=maybe_recompile pc=0x0000014f759b3958 method=java.util.HashMap.getNode(Ljava/lang/Object;)Ljava/util/HashMap$Node; @ 63 c2
Event: 0.206 Thread 0x0000014f6666f320 DEOPT PACKING pc=0x0000014f759b3958 sp=0x0000004c783fdaf0
Event: 0.206 Thread 0x0000014f6666f320 DEOPT UNPACKING pc=0x0000014f6de3d72e sp=0x0000004c783fda08 mode 2
Event: 0.471 Thread 0x0000014f6666f320 Uncommon trap: trap_request=0xffffffde fr.pc=0x0000014f759b27cc relative=0x000000000000038c
Event: 0.471 Thread 0x0000014f6666f320 Uncommon trap: reason=class_check action=maybe_recompile pc=0x0000014f759b27cc method=java.util.HashMap.getNode(Ljava/lang/Object;)Ljava/util/HashMap$Node; @ 63 c2
Event: 0.471 Thread 0x0000014f6666f320 DEOPT PACKING pc=0x0000014f759b27cc sp=0x0000004c783fdb90
Event: 0.471 Thread 0x0000014f6666f320 DEOPT UNPACKING pc=0x0000014f6de3d72e sp=0x0000004c783fdb08 mode 2
Event: 0.490 Thread 0x0000014f6666f320 Uncommon trap: trap_request=0xffffff54 fr.pc=0x0000014f759cbd80 relative=0x0000000000000060
Event: 0.490 Thread 0x0000014f6666f320 Uncommon trap: reason=speculate_null_assert action=make_not_entrant pc=0x0000014f759cbd80 method=sun.misc.Unsafe.putLong(Ljava/lang/Object;JJ)V @ 7 c2
Event: 0.490 Thread 0x0000014f6666f320 DEOPT PACKING pc=0x0000014f759cbd80 sp=0x0000004c783feb70
Event: 0.490 Thread 0x0000014f6666f320 DEOPT UNPACKING pc=0x0000014f6de3d72e sp=0x0000004c783feae8 mode 2
Event: 0.611 Thread 0x0000014f6666f320 Uncommon trap: trap_request=0xffffff45 fr.pc=0x0000014f759e1e84 relative=0x00000000000005c4
Event: 0.611 Thread 0x0000014f6666f320 Uncommon trap: reason=unstable_if action=reinterpret pc=0x0000014f759e1e84 method=java.lang.Integer.getChars(II[B)I @ 25 c2
Event: 0.611 Thread 0x0000014f6666f320 DEOPT PACKING pc=0x0000014f759e1e84 sp=0x0000004c783fdf60
Event: 0.611 Thread 0x0000014f6666f320 DEOPT UNPACKING pc=0x0000014f6de3d72e sp=0x0000004c783fde98 mode 2
Event: 0.611 Thread 0x0000014f6666f320 Uncommon trap: trap_request=0xffffff45 fr.pc=0x0000014f759e1504 relative=0x00000000000000e4
Event: 0.611 Thread 0x0000014f6666f320 Uncommon trap: reason=unstable_if action=reinterpret pc=0x0000014f759e1504 method=java.lang.Integer.getChars(II[B)I @ 25 c2
Event: 0.611 Thread 0x0000014f6666f320 DEOPT PACKING pc=0x0000014f759e1504 sp=0x0000004c783fdf00
Event: 0.611 Thread 0x0000014f6666f320 DEOPT UNPACKING pc=0x0000014f6de3d72e sp=0x0000004c783fde88 mode 2

Classes unloaded (0 events):
No events

Classes redefined (0 events):
No events

Internal exceptions (17 events):
Event: 0.134 Thread 0x0000014f6666f320 Exception <a 'java/lang/NoSuchMethodError'{0x0000000620bd9390}: 'java.lang.Object java.lang.invoke.DirectMethodHandle$Holder.invokeStatic(java.lang.Object)'> (0x0000000620bd9390) 
thrown [t:\workspace\open\src\hotspot\share\interpreter\linkResolver.cpp, line 790]
Event: 0.134 Thread 0x0000014f6666f320 Exception <a 'java/lang/NoSuchMethodError'{0x0000000620bdcbc0}: 'java.lang.Object java.lang.invoke.DirectMethodHandle$Holder.invokeStaticInit(java.lang.Object)'> (0x0000000620bdcbc0) 
thrown [t:\workspace\open\src\hotspot\share\interpreter\linkResolver.cpp, line 790]
Event: 0.143 Thread 0x0000014f6666f320 Exception <a 'java/lang/NoSuchMethodError'{0x0000000620466078}: 'void java.lang.invoke.DirectMethodHandle$Holder.invokeStatic(java.lang.Object, java.lang.Object)'> (0x0000000620466078) 
thrown [t:\workspace\open\src\hotspot\share\interpreter\linkResolver.cpp, line 790]
Event: 0.144 Thread 0x0000014f6666f320 Exception <a 'java/lang/NoSuchMethodError'{0x000000062046b9e0}: 'void java.lang.invoke.DirectMethodHandle$Holder.invokeSpecial(java.lang.Object, java.lang.Object, java.lang.Object)'> (0x000000062046b9e0) 
thrown [t:\workspace\open\src\hotspot\share\interpreter\linkResolver.cpp, line 790]
Event: 0.146 Thread 0x0000014f6666f320 Exception <a 'java/lang/NoSuchMethodError'{0x0000000620480858}: 'java.lang.Object java.lang.invoke.DirectMethodHandle$Holder.invokeStatic(java.lang.Object, java.lang.Object, int)'> (0x0000000620480858) 
thrown [t:\workspace\open\src\hotspot\share\interpreter\linkResolver.cpp, line 790]
Event: 0.147 Thread 0x0000014f6666f320 Exception <a 'java/lang/NoSuchMethodError'{0x000000062048ca00}: 'void java.lang.invoke.DelegatingMethodHandle$Holder.delegate(java.lang.Object, java.lang.Object, int, java.lang.Object)'> (0x000000062048ca00) 
thrown [t:\workspace\open\src\hotspot\share\interpreter\linkResolver.cpp, line 790]
Event: 0.147 Thread 0x0000014f6666f320 Exception <a 'java/lang/NoSuchMethodError'{0x0000000620490d58}: 'int java.lang.invoke.DirectMethodHandle$Holder.invokeSpecial(java.lang.Object, java.lang.Object, java.lang.Object)'> (0x0000000620490d58) 
thrown [t:\workspace\open\src\hotspot\share\interpreter\linkResolver.cpp, line 790]
Event: 0.179 Thread 0x0000014f6666f320 Exception <a 'sun/nio/fs/WindowsException'{0x00000006205ede78}> (0x00000006205ede78) 
thrown [t:\workspace\open\src\hotspot\share\prims\jni.cpp, line 579]
Event: 0.179 Thread 0x0000014f6666f320 Exception <a 'sun/nio/fs/WindowsException'{0x00000006205ee3d0}> (0x00000006205ee3d0) 
thrown [t:\workspace\open\src\hotspot\share\prims\jni.cpp, line 579]
Event: 0.195 Thread 0x0000014f6666f320 Exception <a 'sun/nio/fs/WindowsException'{0x000000062072e838}> (0x000000062072e838) 
thrown [t:\workspace\open\src\hotspot\share\prims\jni.cpp, line 579]
Event: 0.195 Thread 0x0000014f6666f320 Exception <a 'sun/nio/fs/WindowsException'{0x000000062072ebd8}> (0x000000062072ebd8) 
thrown [t:\workspace\open\src\hotspot\share\prims\jni.cpp, line 579]
Event: 0.208 Thread 0x0000014f6666f320 Exception <a 'sun/nio/fs/WindowsException'{0x000000062000fc68}> (0x000000062000fc68) 
thrown [t:\workspace\open\src\hotspot\share\prims\jni.cpp, line 579]
Event: 0.208 Thread 0x0000014f6666f320 Exception <a 'sun/nio/fs/WindowsException'{0x000000062000ffd8}> (0x000000062000ffd8) 
thrown [t:\workspace\open\src\hotspot\share\prims\jni.cpp, line 579]
Event: 0.473 Thread 0x0000014f6666f320 Exception <a 'sun/nio/fs/WindowsException'{0x00000006200c7258}> (0x00000006200c7258) 
thrown [t:\workspace\open\src\hotspot\share\prims\jni.cpp, line 579]
Event: 0.473 Thread 0x0000014f6666f320 Exception <a 'sun/nio/fs/WindowsException'{0x00000006200c7608}> (0x00000006200c7608) 
thrown [t:\workspace\open\src\hotspot\share\prims\jni.cpp, line 579]
Event: 0.475 Thread 0x0000014f6666f320 Exception <a 'sun/nio/fs/WindowsException'{0x00000006200df508}> (0x00000006200df508) 
thrown [t:\workspace\open\src\hotspot\share\prims\jni.cpp, line 579]
Event: 0.475 Thread 0x0000014f6666f320 Exception <a 'sun/nio/fs/WindowsException'{0x00000006200df7f0}> (0x00000006200df7f0) 
thrown [t:\workspace\open\src\hotspot\share\prims\jni.cpp, line 579]

Events (20 events):
Event: 0.184 loading class java/nio/InvalidMarkException done
Event: 0.184 loading class java/nio/BufferUnderflowException
Event: 0.184 loading class java/nio/BufferUnderflowException done
Event: 0.196 loading class java/lang/NoSuchFieldError
Event: 0.196 loading class java/lang/NoSuchFieldError done
Event: 0.210 loading class jdk/internal/reflect/UnsafeQualifiedStaticIntegerFieldAccessorImpl
Event: 0.210 loading class jdk/internal/reflect/UnsafeQualifiedStaticIntegerFieldAccessorImpl done
Event: 0.212 Thread 0x0000014f1405e070 Thread added: 0x0000014f1405e070
Event: 0.448 Thread 0x0000014f11158620 Thread exited: 0x0000014f11158620
Event: 0.474 Loaded shared library C:\Users\tamim\AppData\Local\Temp\lwjgltamim\3.2.3-build-13\lwjgl_opengl.dll
Event: 0.479 Executing  VM operation: HandshakeAllThreads
Event: 0.479 Executing  VM operation: HandshakeAllThreads done
Event: 0.502 Thread 0x0000014f15ba7820 Thread added: 0x0000014f15ba7820
Event: 0.539 Thread 0x0000014f15d60f50 Thread added: 0x0000014f15d60f50
Event: 0.589 loading class jdk/internal/reflect/UnsafeQualifiedLongFieldAccessorImpl
Event: 0.589 loading class jdk/internal/reflect/UnsafeQualifiedFieldAccessorImpl
Event: 0.589 loading class jdk/internal/reflect/UnsafeQualifiedFieldAccessorImpl done
Event: 0.589 loading class jdk/internal/reflect/UnsafeQualifiedLongFieldAccessorImpl done
Event: 0.611 loading class java/lang/StackTraceElement$HashedModules
Event: 0.611 loading class java/lang/StackTraceElement$HashedModules done


Dynamic libraries:
0x00007ff7fbdd0000 - 0x00007ff7fbde0000 	C:\Program Files\Java\jdk-16.0.1\bin\java.exe
0x00007ff96fe40000 - 0x00007ff9700a0000 	C:\WINDOWS\SYSTEM32\ntdll.dll
0x00007ff96ddd0000 - 0x00007ff96de97000 	C:\WINDOWS\System32\KERNEL32.DLL
0x00007ff96d200000 - 0x00007ff96d5ca000 	C:\WINDOWS\System32\KERNELBASE.dll
0x00007ff96d680000 - 0x00007ff96d7cb000 	C:\WINDOWS\System32\ucrtbase.dll
0x00007ff95b590000 - 0x00007ff95b5a8000 	C:\Program Files\Java\jdk-16.0.1\bin\jli.dll
0x00007ff95b540000 - 0x00007ff95b559000 	C:\Program Files\Java\jdk-16.0.1\bin\VCRUNTIME140.dll
0x00007ff96f400000 - 0x00007ff96f4b2000 	C:\WINDOWS\System32\ADVAPI32.dll
0x00007ff96f4e0000 - 0x00007ff96f589000 	C:\WINDOWS\System32\msvcrt.dll
0x00007ff96ec90000 - 0x00007ff96ed36000 	C:\WINDOWS\System32\sechost.dll
0x00007ff96f2e0000 - 0x00007ff96f3f6000 	C:\WINDOWS\System32\RPCRT4.dll
0x00007ff96df30000 - 0x00007ff96e0fc000 	C:\WINDOWS\System32\USER32.dll
0x00007ff952420000 - 0x00007ff9526b7000 	C:\WINDOWS\WinSxS\amd64_microsoft.windows.common-controls_6595b64144ccf1df_6.0.26100.3624_none_3e086962e3345f24\COMCTL32.dll
0x00007ff96db50000 - 0x00007ff96db77000 	C:\WINDOWS\System32\win32u.dll
0x00007ff96dd40000 - 0x00007ff96dd6a000 	C:\WINDOWS\System32\GDI32.dll
0x00007ff96d020000 - 0x00007ff96d151000 	C:\WINDOWS\System32\gdi32full.dll
0x00007ff96d5d0000 - 0x00007ff96d673000 	C:\WINDOWS\System32\msvcp_win.dll
0x00007ff9668a0000 - 0x00007ff9668ab000 	C:\WINDOWS\SYSTEM32\VERSION.dll
0x00007ff96e8d0000 - 0x00007ff96e8ff000 	C:\WINDOWS\System32\IMM32.DLL
0x00007ff967f40000 - 0x00007ff967f4c000 	C:\Program Files\Java\jdk-16.0.1\bin\vcruntime140_1.dll
0x00007ff959420000 - 0x00007ff9594b1000 	C:\Program Files\Java\jdk-16.0.1\bin\msvcp140.dll
0x00007ff892080000 - 0x00007ff892c2b000 	C:\Program Files\Java\jdk-16.0.1\bin\server\jvm.dll
0x00007ff96edc0000 - 0x00007ff96edc8000 	C:\WINDOWS\System32\PSAPI.DLL
0x00007ff954d20000 - 0x00007ff954d2a000 	C:\WINDOWS\SYSTEM32\WSOCK32.dll
0x00007ff95d6a0000 - 0x00007ff95d6d6000 	C:\WINDOWS\SYSTEM32\WINMM.dll
0x00007ff96ed40000 - 0x00007ff96edb4000 	C:\WINDOWS\System32\WS2_32.dll
0x00007ff96be30000 - 0x00007ff96be4a000 	C:\WINDOWS\SYSTEM32\kernel.appcore.dll
0x00007ff967f00000 - 0x00007ff967f0a000 	C:\Program Files\Java\jdk-16.0.1\bin\jimage.dll
0x00007ff95a8d0000 - 0x00007ff95ab11000 	C:\WINDOWS\SYSTEM32\DBGHELP.DLL
0x00007ff96e540000 - 0x00007ff96e8c2000 	C:\WINDOWS\System32\combase.dll
0x00007ff96e100000 - 0x00007ff96e1d6000 	C:\WINDOWS\System32\OLEAUT32.dll
0x00007ff90ae30000 - 0x00007ff90ae69000 	C:\WINDOWS\SYSTEM32\dbgcore.DLL
0x00007ff96d160000 - 0x00007ff96d1f9000 	C:\WINDOWS\System32\bcryptPrimitives.dll
0x00007ff9593f0000 - 0x00007ff959415000 	C:\Program Files\Java\jdk-16.0.1\bin\java.dll
0x00007ff96f680000 - 0x00007ff96fda9000 	C:\WINDOWS\System32\SHELL32.dll
0x00007ff96d860000 - 0x00007ff96d9c8000 	C:\WINDOWS\System32\wintypes.dll
0x00007ff96ad00000 - 0x00007ff96b552000 	C:\WINDOWS\SYSTEM32\windows.storage.dll
0x00007ff96f590000 - 0x00007ff96f67d000 	C:\WINDOWS\System32\SHCORE.dll
0x00007ff96eab0000 - 0x00007ff96eb14000 	C:\WINDOWS\System32\shlwapi.dll
0x00007ff96cf30000 - 0x00007ff96cf5f000 	C:\WINDOWS\SYSTEM32\profapi.dll
0x00007ff9593b0000 - 0x00007ff9593c9000 	C:\Program Files\Java\jdk-16.0.1\bin\net.dll
0x00007ff966a00000 - 0x00007ff966b1d000 	C:\WINDOWS\SYSTEM32\WINHTTP.dll
0x00007ff96c400000 - 0x00007ff96c46a000 	C:\WINDOWS\system32\mswsock.dll
0x00007ff959390000 - 0x00007ff9593a3000 	C:\Program Files\Java\jdk-16.0.1\bin\nio.dll
0x00007ff9593d0000 - 0x00007ff9593e8000 	C:\Program Files\Java\jdk-16.0.1\bin\zip.dll
0x00007ff959380000 - 0x00007ff959390000 	C:\Program Files\Java\jdk-16.0.1\bin\verify.dll
0x00007ff916510000 - 0x00007ff916574000 	C:\Users\tamim\AppData\Local\Temp\lwjgltamim\3.2.3-build-13\lwjgl.dll
0x00007ff89c760000 - 0x00007ff89c9b3000 	C:\Users\tamim\AppData\Local\Temp\lwjgltamim\3.2.3-build-13\jemalloc.dll
0x00007ff9162c0000 - 0x00007ff916322000 	C:\Users\tamim\AppData\Local\Temp\lwjgltamim\3.2.3-build-13\glfw.dll
0x00007ff96a350000 - 0x00007ff96a3fe000 	C:\WINDOWS\system32\uxtheme.dll
0x00007ff956bb0000 - 0x00007ff956bfb000 	C:\WINDOWS\SYSTEM32\dinput8.dll
0x00007ff959500000 - 0x00007ff959512000 	C:\WINDOWS\SYSTEM32\xinput1_4.dll
0x00007ff96cc80000 - 0x00007ff96ccdf000 	C:\WINDOWS\SYSTEM32\cfgmgr32.dll
0x00007ff96cc50000 - 0x00007ff96cc7d000 	C:\WINDOWS\SYSTEM32\DEVOBJ.dll
0x00007ff96a670000 - 0x00007ff96a6a6000 	C:\WINDOWS\SYSTEM32\dwmapi.dll
0x00007ff95a590000 - 0x00007ff95a770000 	C:\WINDOWS\SYSTEM32\inputhost.dll
0x00007ff969e10000 - 0x00007ff969f36000 	C:\WINDOWS\SYSTEM32\CoreMessaging.dll
0x00007ff96c730000 - 0x00007ff96c73c000 	C:\WINDOWS\SYSTEM32\CRYPTBASE.DLL
0x00007ff96eb30000 - 0x00007ff96ec8d000 	C:\WINDOWS\System32\MSCTF.dll
0x00007ff96b560000 - 0x00007ff96b56f000 	C:\WINDOWS\SYSTEM32\HID.DLL
0x00007ff96edd0000 - 0x00007ff96f256000 	C:\WINDOWS\System32\SETUPAPI.DLL
0x00007ff96d7d0000 - 0x00007ff96d84f000 	C:\WINDOWS\System32\WINTRUST.dll
0x00007ff96d9d0000 - 0x00007ff96db47000 	C:\WINDOWS\System32\CRYPT32.dll
0x00007ff96c780000 - 0x00007ff96c793000 	C:\WINDOWS\SYSTEM32\MSASN1.dll
0x00007ff8da160000 - 0x00007ff8da26c000 	C:\WINDOWS\SYSTEM32\opengl32.dll
0x00007ff8da130000 - 0x00007ff8da15d000 	C:\WINDOWS\SYSTEM32\GLU32.dll
0x00007ff96a450000 - 0x00007ff96a497000 	C:\WINDOWS\SYSTEM32\dxcore.dll
0x00007ff95c130000 - 0x00007ff95c14a000 	C:\WINDOWS\SYSTEM32\windows.staterepositorycore.dll
0x00007ff8d6170000 - 0x00007ff8d87a8000 	C:\WINDOWS\System32\DriverStore\FileRepository\nvmdi.inf_amd64_fe5a9cae5c641286\nvoglv64.dll
0x00007ff96e910000 - 0x00007ff96eaa6000 	C:\WINDOWS\System32\ole32.dll
0x00007ff96a2c0000 - 0x00007ff96a2d6000 	C:\WINDOWS\SYSTEM32\WTSAPI32.dll
0x00007ff9666f0000 - 0x00007ff96672b000 	C:\WINDOWS\SYSTEM32\cryptnet.dll
0x00007ff96c7f0000 - 0x00007ff96c84d000 	C:\WINDOWS\SYSTEM32\wldp.dll
0x00007ff966300000 - 0x00007ff96647c000 	C:\WINDOWS\SYSTEM32\drvstore.dll
0x00007ff96bfc0000 - 0x00007ff96bff5000 	C:\WINDOWS\SYSTEM32\ntmarta.dll
0x00007ff96e320000 - 0x00007ff96e340000 	C:\WINDOWS\System32\imagehlp.dll
0x00007ff96c710000 - 0x00007ff96c72c000 	C:\WINDOWS\SYSTEM32\CRYPTSP.dll
0x00007ff96bd90000 - 0x00007ff96bdca000 	C:\WINDOWS\system32\rsaenh.dll
0x00007ff96cf00000 - 0x00007ff96cf26000 	C:\WINDOWS\SYSTEM32\bcrypt.dll
0x00007ff9632a0000 - 0x00007ff965fb0000 	C:\WINDOWS\System32\DriverStore\FileRepository\nvmdi.inf_amd64_fe5a9cae5c641286\nvgpucomp64.dll
0x00007ff96c470000 - 0x00007ff96c4ce000 	C:\WINDOWS\SYSTEM32\powrprof.dll
0x00007ff96c3e0000 - 0x00007ff96c3f4000 	C:\WINDOWS\SYSTEM32\UMPDC.dll
0x00007ff96bf50000 - 0x00007ff96bfb7000 	C:\WINDOWS\SYSTEM32\WINSTA.dll
0x00007ff95bfe0000 - 0x00007ff95c129000 	C:\WINDOWS\SYSTEM32\textinputframework.dll
0x00007ff967380000 - 0x00007ff967663000 	C:\WINDOWS\SYSTEM32\CoreUIComponents.dll
0x00007ff9553b0000 - 0x00007ff955409000 	C:\Users\tamim\AppData\Local\Temp\lwjgltamim\3.2.3-build-13\lwjgl_opengl.dll

dbghelp: loaded successfully - version: 4.0.5 - missing functions: none
symbol engine: initialized successfully - sym options: 0x614 - pdb path: .;C:\Program Files\Java\jdk-16.0.1\bin;C:\WINDOWS\SYSTEM32;C:\WINDOWS\WinSxS\amd64_microsoft.windows.common-controls_6595b64144ccf1df_6.0.26100.3624_none_3e086962e3345f24;C:\Program Files\Java\jdk-16.0.1\bin\server;C:\Users\tamim\AppData\Local\Temp\lwjgltamim\3.2.3-build-13;C:\WINDOWS\System32\DriverStore\FileRepository\nvmdi.inf_amd64_fe5a9cae5c641286

VM Arguments:
jvm_args: -Dfile.encoding=UTF-8 -Duser.country=US -Duser.language=en -Duser.variant 
java_command: com.devgenie.test.Launcher
java_class_path (initial): C:\Users\tamim\IdeaProjects\project3\build\classes\java\main;C:\Users\tamim\IdeaProjects\project3\build\resources\main;C:\Users\tamim\.gradle\caches\modules-2\files-2.1\org.joml\joml-primitives\1.10.0\b3ae3ae0dfee0bf5aef9f7964205cca0f3c6ea07\joml-primitives-1.10.0.jar;C:\Users\tamim\.gradle\caches\modules-2\files-2.1\org.joml\joml\1.10.0\a29b8bf72dc1478e9ceea256db214188da94f313\joml-1.10.0.jar;C:\Users\tamim\.gradle\caches\modules-2\files-2.1\org.lwjgl\lwjgl-assimp\3.2.3\f62aa07a20afbdd3097efc296c4841e0d29700eb\lwjgl-assimp-3.2.3.jar;C:\Users\tamim\.gradle\caches\modules-2\files-2.1\org.lwjgl\lwjgl-assimp\3.2.3\4e60aeb75f0343c4a9ede4ef8b6b32ca702a00a3\lwjgl-assimp-3.2.3-natives-windows.jar;C:\Users\tamim\.gradle\caches\modules-2\files-2.1\org.lwjgl\lwjgl-bgfx\3.2.3\433883c4040fa8df47244dffa1d42c96ce2143de\lwjgl-bgfx-3.2.3.jar;C:\Users\tamim\.gradle\caches\modules-2\files-2.1\org.lwjgl\lwjgl-bgfx\3.2.3\f589da97dd3cfa96f42c8c812a0a028cf28223b8\lwjgl-bgfx-3.2.3-natives-windows.jar;C:\Users\tamim\.gradle\caches\modules-2\files-2.1\org.lwjgl\lwjgl-cuda\3.2.3\fb91f3aaa29e69eee7f1314a63d3e3068ad138e4\lwjgl-cuda-3.2.3.jar;C:\Users\tamim\.gradle\caches\modules-2\files-2.1\org.lwjgl\lwjgl-egl\3.2.3\45ad689a4346fac69d4e8696fa02aaa98f0ea196\lwjgl-egl-3.2.3.jar;C:\Users\tamim\.gradle\caches\modules-2\files-2.1\org.lwjgl\lwjgl-glfw\3.2.3\5e520d5c290c8b012545a8d34fa5db5ab051ea53\lwjgl-glfw-3.2.3.jar;C:\Users\tamim\.gradle\caches\modules-2\files-2.1\org.lwjgl\lwjgl-glfw\3.2.3\b4d8a3477cdc2edcf7a5f1e822926be846223f54\lwjgl-glfw-3.2.3-natives-windows.jar;C:\Users\tamim\.gradle\caches\modules-2\files-2.1\org.lwjgl\lwjgl-jawt\3.2.3\b93ceb43c55c28651e178af42e1f344e1e9d8bf3\lwjgl-jawt-3.2.3.jar;C:\Users\tamim\.gradle\caches\modules-2\files-2.1\org.lwjgl\lwjgl-jemalloc\3.2.3\b6fd0932171ba3f2eaa4547beddca3a3e645342d\lwjgl-jemalloc-3.2.3.jar;C:\Users\tamim\.gradle\caches\modules-2\files-2.1\org.lwjgl\lwjgl-jemalloc\3.2.3\3423fd0d4c7c1916c8f46b2075c4c2df02f22675\
Launcher Type: SUN_STANDARD

[Global flags]
     intx CICompilerCount                          = 12                                        {product} {ergonomic}
     uint ConcGCThreads                            = 3                                         {product} {ergonomic}
     uint G1ConcRefinementThreads                  = 13                                        {product} {ergonomic}
   size_t G1HeapRegionSize                         = 4194304                                   {product} {ergonomic}
    uintx GCDrainStackTargetSize                   = 64                                        {product} {ergonomic}
   size_t InitialHeapSize                          = 536870912                                 {product} {ergonomic}
   size_t MarkStackSize                            = 4194304                                   {product} {ergonomic}
   size_t MaxHeapSize                              = 8573157376                                {product} {ergonomic}
   size_t MaxNewSize                               = 5142216704                                {product} {ergonomic}
   size_t MinHeapDeltaBytes                        = 4194304                                   {product} {ergonomic}
   size_t MinHeapSize                              = 8388608                                   {product} {ergonomic}
    uintx NonNMethodCodeHeapSize                   = 7602480                                {pd product} {ergonomic}
    uintx NonProfiledCodeHeapSize                  = 122027880                              {pd product} {ergonomic}
    uintx ProfiledCodeHeapSize                     = 122027880                              {pd product} {ergonomic}
    uintx ReservedCodeCacheSize                    = 251658240                              {pd product} {ergonomic}
     bool SegmentedCodeCache                       = true                                      {product} {ergonomic}
   size_t SoftMaxHeapSize                          = 8573157376                             {manageable} {ergonomic}
     bool UseCompressedClassPointers               = true                           {product lp64_product} {ergonomic}
     bool UseCompressedOops                        = true                           {product lp64_product} {ergonomic}
     bool UseG1GC                                  = true                                      {product} {ergonomic}
     bool UseLargePagesIndividualAllocation        = false                                  {pd product} {ergonomic}

Logging:
Log output configuration:
 #0: stdout all=warning uptime,level,tags
 #1: stderr all=off uptime,level,tags

Environment Variables:
PATH=C:\Program Files\Common Files\Oracle\Java\javapath;C:\WINDOWS\system32;C:\WINDOWS;C:\WINDOWS\System32\Wbem;C:\WINDOWS\System32\WindowsPowerShell\v1.0\;C:\WINDOWS\System32\OpenSSH\;C:\Program Files\Microsoft VS Code\bin;C:\Program Files (x86)\NVIDIA Corporation\PhysX\Common;C:\Program Files\Git\cmd;C:\Program Files\CMake\bin;C:\Users\tamim\AppData\Local\Programs\Python\Launcher\;C:\Users\tamim\AppData\Local\Microsoft\WindowsApps;C:\msys64\ucrt64\bin;;C:\Program Files\JetBrains\IntelliJ IDEA 2024.3.5\bin;
USERNAME=tamim
OS=Windows_NT
PROCESSOR_IDENTIFIER=AMD64 Family 25 Model 33 Stepping 2, AuthenticAMD



---------------  S Y S T E M  ---------------

OS:
 Windows 10 , 64 bit Build 26100 (10.0.26100.3775)
OS uptime: 0 days 3:15 hours

CPU: total 16 (initial active 16) (16 cores per cpu, 2 threads per core) family 25 model 33 stepping 2 microcode 0xa201210, cx8, cmov, fxsr, ht, mmx, 3dnowpref, sse, sse2, sse3, ssse3, sse4a, sse4.1, sse4.2, popcnt, lzcnt, tsc, tscinvbit, avx, avx2, aes, erms, clmul, bmi1, bmi2, adx, sha, fma, vzeroupper, clflush, clflushopt

Memory: 4k page, system-wide physical 32689M (18356M free)
TotalPageFile size 34737M (AvailPageFile size 15106M)
current process WorkingSet (physical memory assigned to process): 137M, peak: 139M
current process commit charge ("private bytes"): 753M, peak: 754M

vm_info: Java HotSpot(TM) 64-Bit Server VM (16.0.1+9-24) for windows-amd64 JRE (16.0.1+9-24), built on Mar 26 2021 19:31:42 by "mach5one" with MS VC++ 16.7 (VS2019)

END.
